<?xml version="1.0" encoding="UTF-8"?>
<!-- Generated by org.testng.reporters.JUnitReportReporter -->
<testsuite skipped="0" hostname="TEKCLAN-LAP-071" name="Test.GrootanTest" tests="1" failures="0" timestamp="28 Dec 2020 03:14:17 GMT" time="65.920" errors="0">
  <testcase name="GrootanSiteTest" time="65.920" classname="Test.GrootanTest"/>
</testsuite> <!-- Test.GrootanTest -->
